<?xml version="1.0" encoding="UTF-8"?>
<!-- Generated by org.testng.reporters.JUnitXMLReporter -->
<testsuite hostname="user-PC" ignored="0" name="Test" tests="3" failures="2" timestamp="16 Aug 2019 08:42:46 GMT" time="0.127" errors="0">
  <testcase name="Class1_Testcase1" time="0.038" classname="example2.ListenerClass1"/>
  <testcase name="Class1_Testcase2" time="0.004" classname="example2.ListenerClass1">
    <failure type="java.lang.AssertionError" message="expected [Hello] but found [Hi]">
      <![CDATA[java.lang.AssertionError: expected [Hello] but found [Hi]
at example2.ListenerClass1.Class1_Testcase2(ListenerClass1.java:15)
... Removed 31 stack frames]]>
    </failure>
  </testcase> <!-- Class1_Testcase2 -->
  <testcase name="Class2Testcase1" time="0.007" classname="example2.ListenerClass2">
    <failure type="java.lang.AssertionError" message="expected [moon] but found [Sun]">
      <![CDATA[java.lang.AssertionError: expected [moon] but found [Sun]
at example2.ListenerClass2.Class2Testcase1(ListenerClass2.java:9)
... Removed 31 stack frames]]>
    </failure>
  </testcase> <!-- Class2Testcase1 -->
</testsuite> <!-- Test -->
