<?xml version="1.0" encoding="UTF-8"?>
<testng-results skipped="0" failed="0" ignored="0" total="2" passed="2">
  <reporter-output>
  </reporter-output>
  <suite name="Default suite" duration-ms="77" started-at="2018-05-04T17:39:15Z" finished-at="2018-05-04T17:39:16Z">
    <groups>
    </groups>
    <test name="Default test" duration-ms="77" started-at="2018-05-04T17:39:15Z" finished-at="2018-05-04T17:39:16Z">
      <class name="testng_listeners.LoginTest">
        <test-method status="PASS" signature="login()[pri:1, instance:testng_listeners.LoginTest@10399e]" name="login" duration-ms="19" started-at="2018-05-04T17:39:16Z" finished-at="2018-05-04T17:39:16Z">
          <reporter-output>
          </reporter-output>
        </test-method> <!-- login -->
        <test-method status="PASS" signature="adminLogin()[pri:2, instance:testng_listeners.LoginTest@10399e]" name="adminLogin" duration-ms="3" started-at="2018-05-04T17:39:16Z" finished-at="2018-05-04T17:39:16Z">
          <reporter-output>
          </reporter-output>
        </test-method> <!-- adminLogin -->
      </class> <!-- testng_listeners.LoginTest -->
    </test> <!-- Default test -->
  </suite> <!-- Default suite -->
</testng-results>
