<?xml version="1.0" encoding="UTF-8"?>
<!-- Generated by org.testng.reporters.JUnitXMLReporter -->
<testsuite hostname="user-PC" ignored="0" name="login" tests="2" failures="1" timestamp="04 May 2018 17:34:23 GMT" time="0.084" errors="0">
  <testcase name="login" time="0.024" classname="testng_listeners.LoginTest">
    <failure type="java.lang.AssertionError" message="expected [B] but found [A]">
      <![CDATA[java.lang.AssertionError: expected [B] but found [A]
at testng_listeners.LoginTest.login(LoginTest.java:12)
... Removed 31 stack frames]]>
    </failure>
  </testcase> <!-- login -->
  <testcase name="adminLogin" time="0.004" classname="testng_listeners.LoginTest"/>
</testsuite> <!-- login -->
