<?xml version="1.0" encoding="UTF-8"?>
<testng-results skipped="0" failed="0" ignored="0" total="1" passed="1">
  <reporter-output>
  </reporter-output>
  <suite name="Default suite" duration-ms="90909" started-at="2019-07-03T07:13:30Z" finished-at="2019-07-03T07:15:01Z">
    <groups>
    </groups>
    <test name="Default test" duration-ms="90909" started-at="2019-07-03T07:13:30Z" finished-at="2019-07-03T07:15:01Z">
      <class name="testcases.ExplicitFluentWaitTest">
        <test-method status="PASS" signature="guru99tutorials()[pri:0, instance:testcases.ExplicitFluentWaitTest@100955a]" name="guru99tutorials" duration-ms="90847" started-at="2019-07-03T07:13:30Z" finished-at="2019-07-03T07:15:01Z">
          <reporter-output>
          </reporter-output>
        </test-method> <!-- guru99tutorials -->
      </class> <!-- testcases.ExplicitFluentWaitTest -->
    </test> <!-- Default test -->
  </suite> <!-- Default suite -->
</testng-results>
