<?xml version="1.0" encoding="UTF-8"?>
<!-- Generated by org.testng.reporters.JUnitXMLReporter -->
<testsuite hostname="user-PC" ignored="0" name="Login Test" tests="3" failures="0" timestamp="24 Apr 2019 06:55:19 GMT" time="0.062" errors="0">
  <testcase name="doLoginTest" time="0.016" classname="testcases.LoginTest"/>
  <testcase name="doLoginTest" time="0.016" classname="testcases.LoginTest"/>
  <testcase name="doLoginTest" time="0.016" classname="testcases.LoginTest"/>
</testsuite> <!-- Login Test -->
